INFO:root:ETL started
INFO:root:API call successful
INFO:root:Row inserted: ['Togolese Republic', 'Africa', 8278737]
INFO:root:Row inserted: ['Department of Mayotte', 'Africa', 226915]
INFO:root:Row inserted: ['Georgia', 'Asia', 3714000]
INFO:root:Row inserted: ['Republic of Vanuatu', 'Oceania', 307150]
INFO:root:Row inserted: ['Kyrgyz Republic', 'Asia', 6591600]
INFO:root:Row inserted: ['Republic of Niger', 'Africa', 24206636]
INFO:root:Row inserted: ["People's Republic of China", 'Asia', 1402112000]
INFO:root:Row inserted: ['Tuvalu', 'Oceania', 11792]
INFO:root:Row inserted: ['Union of the Comoros', 'Africa', 869595]
INFO:root:Row inserted: ['Bosnia and Herzegovina', 'Europe', 3280815]
INFO:root:Row inserted: ['Kingdom of Bahrain', 'Asia', 1701583]
INFO:root:Row inserted: ['Federal Republic of Somalia', 'Africa', 15893219]
INFO:root:Row inserted: ['Collectivity of Saint Barthélemy', 'Americas', 4255]
INFO:root:Row inserted: ['Republic of Latvia', 'Europe', 1901548]
INFO:root:Row inserted: ['Cayman Islands', 'Americas', 65720]
INFO:root:Row inserted: ['Kingdom of the Netherlands', 'Europe', 16655799]
INFO:root:Row inserted: ['Kingdom of Lesotho', 'Africa', 2142252]
INFO:root:Row inserted: ['Bolivarian Republic of Venezuela', 'Americas', 28435943]
INFO:root:Row inserted: ['Republic of Kenya', 'Africa', 53771300]
INFO:root:Row inserted: ['Republic of Turkey', 'Asia', 84339067]
INFO:root:Row inserted: ['Republic of Fiji', 'Oceania', 896444]
INFO:root:Row inserted: ['Republic of Trinidad and Tobago', 'Americas', 1399491]
INFO:root:Row inserted: ['Republic of Honduras', 'Americas', 9904608]
INFO:root:Row inserted: ['Bailiwick of Jersey', 'Europe', 100800]
INFO:root:Row inserted: ['Republic of Djibouti', 'Africa', 988002]
INFO:root:Row inserted: ['Réunion Island', 'Africa', 840974]
INFO:root:Row inserted: ['Kingdom of Eswatini', 'Africa', 1160164]
INFO:root:Row inserted: ['Republic of Tajikistan', 'Asia', 9537642]
INFO:root:Row inserted: ['Kingdom of Saudi Arabia', 'Asia', 34813867]
INFO:root:Row inserted: ['Bermuda', 'Americas', 63903]
INFO:root:Row inserted: ['New Zealand', 'Oceania', 5084300]
INFO:root:Row inserted: ['Republic of Belarus', 'Europe', 9398861]
INFO:root:Row inserted: ['Territory of Christmas Island', 'Oceania', 2072]
INFO:root:Row inserted: ['Republic of the Gambia', 'Africa', 2416664]
INFO:root:Row inserted: ['French Polynesia', 'Oceania', 280904]
INFO:root:Row inserted: ['Democratic Republic of the Congo', 'Africa', 108407721]
INFO:root:Row inserted: ['Republic of Costa Rica', 'Americas', 5094114]
INFO:root:Row inserted: ['Republic of Malawi', 'Africa', 19129955]
INFO:root:Row inserted: ['Republic of the Congo', 'Africa', 5657000]
INFO:root:Row inserted: ['Sultanate of Oman', 'Asia', 5106622]
INFO:root:Row inserted: ['Republic of Iraq', 'Asia', 40222503]
INFO:root:Row inserted: ['Niue', 'Oceania', 1470]
INFO:root:Row inserted: ['Republic of Senegal', 'Africa', 16743930]
INFO:root:Row inserted: ['Lebanese Republic', 'Asia', 6825442]
INFO:root:Row inserted: ['Republic of Angola', 'Africa', 32866268]
INFO:root:Row inserted: ['Islamic Republic of Iran', 'Asia', 83992953]
INFO:root:Row inserted: ['Republic of Ecuador', 'Americas', 17643060]
INFO:root:Row inserted: ["Lao People's Democratic Republic", 'Asia', 7275556]
INFO:root:Row inserted: ['Democratic Socialist Republic of Sri Lanka', 'Asia', 21919000]
INFO:root:Row inserted: ['Aruba', 'Americas', 106766]
INFO:root:Row inserted: ['Democratic Republic of São Tomé and Príncipe', 'Africa', 219161]
INFO:root:Row inserted: ['Grenada', 'Americas', 112519]
INFO:root:Row inserted: ['Montserrat', 'Americas', 4922]
INFO:root:Row inserted: ['Sahrawi Arab Democratic Republic', 'Africa', 510713]
INFO:root:Row inserted: ['Republic of Guinea', 'Africa', 13132792]
INFO:root:Row inserted: ['Virgin Islands', 'Americas', 30237]
INFO:root:Row inserted: ['Republic of Panama', 'Americas', 4314768]
INFO:root:Row inserted: ['Republic of Yemen', 'Asia', 29825968]
INFO:root:Row inserted: ['Republic of Estonia', 'Europe', 1331057]
INFO:root:Row inserted: ['Co-operative Republic of Guyana', 'Americas', 786559]
INFO:root:Row inserted: ['Grand Duchy of Luxembourg', 'Europe', 632275]
INFO:root:Row inserted: ['Republic of Namibia', 'Africa', 2540916]
INFO:root:Row inserted: ['Republic of Kosovo', 'Europe', 1775378]
INFO:root:Row inserted: ['New Caledonia', 'Oceania', 271960]
INFO:root:Row inserted: ['Saint Pierre and Miquelon', 'Americas', 6069]
INFO:root:Row inserted: ['State of Libya', 'Africa', 6871287]
INFO:root:Row inserted: ['Republic of the Union of Myanmar', 'Asia', 54409794]
INFO:root:Row inserted: ['State of Israel', 'Asia', 9216900]
INFO:root:Row inserted: ['Republic of Mali', 'Africa', 20250834]
INFO:root:Row inserted: ['Argentine Republic', 'Americas', 45376763]
INFO:root:Row inserted: ['Guiana', 'Americas', 254541]
INFO:root:Row inserted: ['Republic of Uganda', 'Africa', 45741000]
INFO:root:Row inserted: ['Malaysia', 'Asia', 32365998]
INFO:root:Row inserted: ['Republic of Zambia', 'Africa', 18383956]
INFO:root:Row inserted: ['Federated States of Micronesia', 'Oceania', 115021]
INFO:root:Row inserted: ['Slovak Republic', 'Europe', 5458827]
INFO:root:Row inserted: ['Republic of Burundi', 'Africa', 11890781]
INFO:root:Row inserted: ['Republic of Serbia', 'Europe', 6908224]
INFO:root:Row inserted: ['Turkmenistan', 'Asia', 6031187]
INFO:root:Row inserted: ['Republic of South Africa', 'Africa', 59308690]
INFO:root:Row inserted: ['Republic of Kazakhstan', 'Asia', 18754440]
INFO:root:Row inserted: ['Canada', 'Americas', 38005238]
INFO:root:Row inserted: ['Republic of Poland', 'Europe', 37950802]
INFO:root:Row inserted: ['Commonwealth of Puerto Rico', 'Americas', 3194034]
INFO:root:Row inserted: ['Territory of the Cocos (Keeling) Islands', 'Oceania', 544]
INFO:root:Row inserted: ['Republic of San Marino', 'Europe', 33938]
INFO:root:Row inserted: ['American Samoa', 'Oceania', 55197]
INFO:root:Row inserted: ['State of Qatar', 'Asia', 2881060]
INFO:root:Row inserted: ['Gibraltar', 'Europe', 33691]
INFO:root:Row inserted: ['Republic of Croatia', 'Europe', 4047200]
INFO:root:Row inserted: ['Svalbard og Jan Mayen', 'Europe', 2562]
INFO:root:Row inserted: ['Isle of Man', 'Europe', 85032]
INFO:root:Row inserted: ['State of Palestine', 'Asia', 4803269]
INFO:root:Row inserted: ['Republic of Mauritius', 'Africa', 1265740]
INFO:root:Row inserted: ['Saint Martin', 'Americas', 38659]
INFO:root:Row inserted: ['Republic of Sierra Leone', 'Africa', 7976985]
INFO:root:Row inserted: ['Federation of Saint Christopher and Nevis', 'Americas', 53192]
INFO:root:Row inserted: ['Iceland', 'Europe', 366425]
INFO:root:Row inserted: ['Heard Island and McDonald Islands', 'Antarctic', 0]
INFO:root:Row inserted: ['State of Kuwait', 'Asia', 4270563]
INFO:root:Row inserted: ['Republic of China (Taiwan)', 'Asia', 23503349]
INFO:root:Row inserted: ['Republic of Cameroon', 'Africa', 26545864]
INFO:root:Row inserted: ['Republic of El Salvador', 'Americas', 6486201]
INFO:root:Row inserted: ["Macao Special Administrative Region of the People's Republic of China", 'Asia', 649342]
INFO:root:Row inserted: ['Republic of Cuba', 'Americas', 11326616]
INFO:root:Row inserted: ['Federative Republic of Brazil', 'Americas', 212559409]
INFO:root:Row inserted: ['Solomon Islands', 'Oceania', 686878]
INFO:root:Row inserted: ['Hellenic Republic', 'Europe', 10715549]
INFO:root:Row inserted: ['Kingdom of Norway', 'Europe', 5379475]
INFO:root:Row inserted: ['Jamaica', 'Americas', 2961161]
INFO:root:Row inserted: ['United Republic of Tanzania', 'Africa', 59734213]
INFO:root:Row inserted: ['Plurinational State of Bolivia', 'Americas', 11673029]
INFO:root:Row inserted: ['Republic of Cyprus', 'Europe', 1207361]
INFO:root:Row inserted: ['Mongolia', 'Asia', 3278292]
INFO:root:Row inserted: ['Principality of Monaco', 'Europe', 39244]
INFO:root:Row inserted: ['Tunisian Republic', 'Africa', 11818618]
INFO:root:Row inserted: ['Territory of the French Southern and Antarctic Lands', 'Antarctic', 400]
INFO:root:Row inserted: ['Syrian Arab Republic', 'Asia', 17500657]
INFO:root:Row inserted: ['Republic of Chile', 'Americas', 19116209]
INFO:root:Row inserted: ['Republic of Azerbaijan', 'Asia', 10110116]
INFO:root:Row inserted: ['French Republic', 'Europe', 67391582]
INFO:root:Row inserted: ['Republic of Korea', 'Asia', 51780579]
INFO:root:Row inserted: ['Republic of Ghana', 'Africa', 31072945]
INFO:root:Row inserted: ['Kingdom of Denmark', 'Europe', 5831404]
INFO:root:Row inserted: ['Sint Maarten', 'Americas', 40812]
INFO:root:Row inserted: ['Principality of Andorra', 'Europe', 77265]
INFO:root:Row inserted: ['Country of Curaçao', 'Americas', 155014]
INFO:root:Row inserted: ['Swiss Confederation', 'Europe', 8654622]
INFO:root:Row inserted: ['Republic of North Macedonia', 'Europe', 2077132]
INFO:root:Row inserted: ['Republic of South Sudan', 'Africa', 11193729]
INFO:root:Row inserted: ['Republic of Haiti', 'Americas', 11402533]
INFO:root:Row inserted: ['Republic of Peru', 'Americas', 32971846]
INFO:root:Row inserted: ['Republic of Guinea-Bissau', 'Africa', 1967998]
INFO:root:Row inserted: ['Czech Republic', 'Europe', 10698896]
INFO:root:Row inserted: ['Portuguese Republic', 'Europe', 10305564]
INFO:root:Row inserted: ['Gabonese Republic', 'Africa', 2225728]
INFO:root:Row inserted: ['United Mexican States', 'Americas', 128932753]
INFO:root:Row inserted: ['Italian Republic', 'Europe', 59554023]
INFO:root:Row inserted: ['Republic of Finland', 'Europe', 5530719]
INFO:root:Row inserted: ['Republic of Zimbabwe', 'Africa', 14862927]
INFO:root:Row inserted: ['Kingdom of Spain', 'Europe', 47351567]
INFO:root:Row inserted: ['Japan', 'Asia', 125836021]
INFO:root:Row inserted: ['Republic of Seychelles', 'Africa', 98462]
INFO:root:Row inserted: ['Republic of Albania', 'Europe', 2837743]
INFO:root:Row inserted: ['Republic of Moldova', 'Europe', 2617820]
INFO:root:Row inserted: ['Republic of Guatemala', 'Americas', 16858333]
INFO:root:Row inserted: ['Federal Republic of Germany', 'Europe', 83240525]
INFO:root:Row inserted: ['Guadeloupe', 'Americas', 400132]
INFO:root:Row inserted: ['Republic of Bulgaria', 'Europe', 6927288]
INFO:root:Row inserted: ['Republic of Paraguay', 'Americas', 7132530]
INFO:root:Row inserted: ['State of Eritrea', 'Africa', 5352000]
INFO:root:Row inserted: ['Republic of the Sudan', 'Africa', 43849269]
INFO:root:Row inserted: ['Republic of Equatorial Guinea', 'Africa', 1402985]
INFO:root:Row inserted: ['Republic of Colombia', 'Americas', 50882884]
INFO:root:Row inserted: ['Federal Republic of Nigeria', 'Africa', 206139587]
INFO:root:Row inserted: ['Montenegro', 'Europe', 621718]
INFO:root:Row inserted: ['Federal Democratic Republic of Nepal', 'Asia', 29136808]
INFO:root:Row inserted: ['Nation of Brunei, Abode of Peace', 'Asia', 437483]
INFO:root:Row inserted: ['Republic of Austria', 'Europe', 8917205]
INFO:root:Row inserted: ['Turks and Caicos Islands', 'Americas', 38718]
INFO:root:Row inserted: ['Commonwealth of the Bahamas', 'Americas', 393248]
INFO:root:Row inserted: ['United Kingdom of Great Britain and Northern Ireland', 'Europe', 67215293]
INFO:root:Row inserted: ['British Indian Ocean Territory', 'Africa', 3000]
INFO:root:Row inserted: ['Republic of Liberia', 'Africa', 5057677]
INFO:root:Row inserted: ['Anguilla', 'Americas', 13452]
INFO:root:Row inserted: ['Central African Republic', 'Africa', 4829764]
INFO:root:Row inserted: ["People's Democratic Republic of Algeria", 'Africa', 44700000]
INFO:root:Row inserted: ['Saint Lucia', 'Americas', 183629]
INFO:root:Row inserted: ['Romania', 'Europe', 19286123]
INFO:root:Row inserted: ['United Arab Emirates', 'Asia', 9890400]
INFO:root:Row inserted: ['Kingdom of Morocco', 'Africa', 36910558]
INFO:root:Row inserted: ['Commonwealth of the Northern Mariana Islands', 'Oceania', 57557]
INFO:root:Row inserted: ['United States Minor Outlying Islands', 'Americas', 300]
INFO:root:Row inserted: ['Republic of Botswana', 'Africa', 2351625]
INFO:root:Row inserted: ['Republic of Lithuania', 'Europe', 2794700]
INFO:root:Row inserted: ['Bonaire, Sint Eustatius and Saba', 'Americas', 25987]
INFO:root:Row inserted: ['Republic of Cabo Verde', 'Africa', 555988]
INFO:root:Row inserted: ['United States of America', 'Americas', 329484123]
INFO:root:Row inserted: ['Commonwealth of Australia', 'Oceania', 25687041]
INFO:root:Row inserted: ['Guam', 'Oceania', 168783]
INFO:root:Row inserted: ['Kingdom of Tonga', 'Oceania', 105697]
INFO:root:Row inserted: ['Islamic Republic of Afghanistan', 'Asia', 40218234]
INFO:root:Row inserted: ['Falkland Islands', 'Americas', 2563]
INFO:root:Row inserted: ['Republic of Nauru', 'Oceania', 10834]
INFO:root:Row inserted: ['Cook Islands', 'Oceania', 18100]
INFO:root:Row inserted: ['Hungary', 'Europe', 9749763]
INFO:root:Row inserted: ['Islamic Republic of Mauritania', 'Africa', 4649660]
INFO:root:Row inserted: ['Republic of Slovenia', 'Europe', 2100126]
INFO:root:Row inserted: ['Republic of Chad', 'Africa', 16425859]
INFO:root:Row inserted: ['Vatican City State', 'Europe', 451]
INFO:root:Row inserted: ['Republic of Benin', 'Africa', 12123198]
INFO:root:Row inserted: ['Republic of Singapore', 'Asia', 5685807]
INFO:root:Row inserted: ['Republic of Malta', 'Europe', 525285]
INFO:root:Row inserted: ['Saint Vincent and the Grenadines', 'Americas', 110947]
INFO:root:Row inserted: ['Republic of the Marshall Islands', 'Oceania', 59194]
INFO:root:Row inserted: ['Kingdom of Thailand', 'Asia', 69799978]
INFO:root:Row inserted: ['Principality of Liechtenstein', 'Europe', 38137]
INFO:root:Row inserted: ['Republic of Ireland', 'Europe', 4994724]
INFO:root:Row inserted: ['Republic of the Maldives', 'Asia', 540542]
INFO:root:Row inserted: ['Socialist Republic of Vietnam', 'Asia', 97338583]
INFO:root:Row inserted: ['Republic of Armenia', 'Asia', 2963234]
INFO:root:Row inserted: ['Islamic Republic of Pakistan', 'Asia', 220892331]
INFO:root:Row inserted: ["Republic of Côte d'Ivoire", 'Africa', 26378275]
INFO:root:Row inserted: ['Russian Federation', 'Europe', 144104080]
INFO:root:Row inserted: ['Martinique', 'Americas', 378243]
INFO:root:Row inserted: ['Bouvet Island', 'Antarctic', 0]
INFO:root:Row inserted: ['Democratic Republic of Timor-Leste', 'Asia', 1318442]
INFO:root:Row inserted: ['Republic of Nicaragua', 'Americas', 6624554]
INFO:root:Row inserted: ['Independent State of Papua New Guinea', 'Oceania', 8947027]
INFO:root:Row inserted: ['Arab Republic of Egypt', 'Africa', 102334403]
INFO:root:Row inserted: ['Hashemite Kingdom of Jordan', 'Asia', 10203140]
INFO:root:Row inserted: ['Oriental Republic of Uruguay', 'Americas', 3473727]
INFO:root:Row inserted: ['Burkina Faso', 'Africa', 20903278]
INFO:root:Row inserted: ['Kingdom of Cambodia', 'Asia', 16718971]
INFO:root:Row inserted: ['Federal Democratic Republic of Ethiopia', 'Africa', 114963583]
INFO:root:Row inserted: ['Independent and Sovereign Republic of Kiribati', 'Oceania', 119446]
INFO:root:Row inserted: ['Kingdom of Bhutan', 'Asia', 771612]
INFO:root:Row inserted: ['Dominican Republic', 'Americas', 10847904]
INFO:root:Row inserted: ['Republic of Suriname', 'Americas', 586634]
INFO:root:Row inserted: ["People's Republic of Bangladesh", 'Asia', 164689383]
INFO:root:Row inserted: ['Barbados', 'Americas', 287371]
INFO:root:Row inserted: ["Democratic People's Republic of Korea", 'Asia', 25778815]
INFO:root:Row inserted: ['Greenland', 'Americas', 56367]
INFO:root:Row inserted: ['Kingdom of Belgium', 'Europe', 11555997]
INFO:root:Row inserted: ['Republic of Palau', 'Oceania', 18092]
INFO:root:Row inserted: ['Territory of Norfolk Island', 'Oceania', 2302]
INFO:root:Row inserted: ['South Georgia and the South Sandwich Islands', 'Antarctic', 30]
INFO:root:Row inserted: ['Republic of the Philippines', 'Asia', 109581085]
INFO:root:Row inserted: ['Republic of India', 'Asia', 1380004385]
INFO:root:Row inserted: ['Republic of Indonesia', 'Asia', 273523621]
INFO:root:Row inserted: ['Virgin Islands of the United States', 'Americas', 106290]
INFO:root:Row inserted: ['Commonwealth of Dominica', 'Americas', 71991]
INFO:root:Row inserted: ['Republic of Rwanda', 'Africa', 12952209]
INFO:root:Row inserted: ['Republic of Madagascar', 'Africa', 27691019]
INFO:root:Row inserted: ["Hong Kong Special Administrative Region of the People's Republic of China", 'Asia', 7500700]
INFO:root:Row inserted: ['Independent State of Samoa', 'Oceania', 198410]
INFO:root:Row inserted: ['Faroe Islands', 'Europe', 48865]
INFO:root:Row inserted: ['Pitcairn Group of Islands', 'Oceania', 56]
INFO:root:Row inserted: ['Antigua and Barbuda', 'Americas', 97928]
INFO:root:Row inserted: ['Åland Islands', 'Europe', 29458]
INFO:root:Row inserted: ['Kingdom of Sweden', 'Europe', 10353442]
INFO:root:Row inserted: ['Republic of Mozambique', 'Africa', 31255435]
INFO:root:Row inserted: ['Republic of Uzbekistan', 'Asia', 34232050]
INFO:root:Row inserted: ['Antarctica', 'Antarctic', 1000]
INFO:root:Row inserted: ['Territory of the Wallis and Futuna Islands', 'Oceania', 11750]
INFO:root:Row inserted: ['Ukraine', 'Europe', 44134693]
INFO:root:Row inserted: ['Belize', 'Americas', 397621]
INFO:root:Row inserted: ['Saint Helena, Ascension and Tristan da Cunha', 'Africa', 53192]
INFO:root:Row inserted: ['Bailiwick of Guernsey', 'Europe', 62999]
INFO:root:Row inserted: ['Tokelau', 'Oceania', 1411]
INFO:root:ETL finished ✅
